Suite    : e1
Task Job : 20210101T0000Z/post/01 (try 1)
User@Host: lucy@cylc1.jasmin.ac.uk

/home/users/lucy/cylc-run/e1/.service/passphrase
FILENAME = /home/users/lucy/cylc-run/e1/.service/passphrase
/home/users/lucy/cylc-run/e1/.service/ssl.pem
2021-01-08T18:01:54Z INFO - started
FILENAME = /home/users/lucy/cylc-run/e1/.service/ssl.pem
/home/users/lucy/cylc-run/e1/.service/ssl.cert
FILENAME = /home/users/lucy/cylc-run/e1/.service/ssl.cert
/home/users/lucy/cylc-run/e1/.service/contact
FILENAME = /home/users/lucy/cylc-run/e1/.service/contact
/home/users/lucy/cylc-run/e1/.service/db
FILENAME = /home/users/lucy/cylc-run/e1/.service/db
/home/users/lucy/cylc-run/e1/log/suite/log.20210108T180144Z
FILENAME = /home/users/lucy/cylc-run/e1/log/suite/log.20210108T180144Z
/home/users/lucy/cylc-run/e1/log/job/20210101T0000Z/prep/01/job
FILENAME = /home/users/lucy/cylc-run/e1/log/job/20210101T0000Z/prep/01/job
/home/users/lucy/cylc-run/e1/log/job/20210101T0000Z/prep/01/job.status
FILENAME = /home/users/lucy/cylc-run/e1/log/job/20210101T0000Z/prep/01/job.status
/home/users/lucy/cylc-run/e1/log/job/20210101T0000Z/prep/01/job.out
FILENAME = /home/users/lucy/cylc-run/e1/log/job/20210101T0000Z/prep/01/job.out
/home/users/lucy/cylc-run/e1/log/job/20210101T0000Z/prep/01/job.err
FILENAME = /home/users/lucy/cylc-run/e1/log/job/20210101T0000Z/prep/01/job.err
/home/users/lucy/cylc-run/e1/log/job/20210101T0000Z/prep/01/job-activity.log
FILENAME = /home/users/lucy/cylc-run/e1/log/job/20210101T0000Z/prep/01/job-activity.log
/home/users/lucy/cylc-run/e1/log/job/20210101T0000Z/model/01/job
FILENAME = /home/users/lucy/cylc-run/e1/log/job/20210101T0000Z/model/01/job
/home/users/lucy/cylc-run/e1/log/job/20210101T0000Z/model/01/job.status
FILENAME = /home/users/lucy/cylc-run/e1/log/job/20210101T0000Z/model/01/job.status
/home/users/lucy/cylc-run/e1/log/job/20210101T0000Z/model/01/job.out
FILENAME = /home/users/lucy/cylc-run/e1/log/job/20210101T0000Z/model/01/job.out
/home/users/lucy/cylc-run/e1/log/job/20210101T0000Z/model/01/job.err
FILENAME = /home/users/lucy/cylc-run/e1/log/job/20210101T0000Z/model/01/job.err
/home/users/lucy/cylc-run/e1/log/job/20210101T0000Z/model/01/job-activity.log
FILENAME = /home/users/lucy/cylc-run/e1/log/job/20210101T0000Z/model/01/job-activity.log
/home/users/lucy/cylc-run/e1/log/job/20210101T0000Z/post/01/job
FILENAME = /home/users/lucy/cylc-run/e1/log/job/20210101T0000Z/post/01/job
/home/users/lucy/cylc-run/e1/log/job/20210101T0000Z/post/01/job.status
FILENAME = /home/users/lucy/cylc-run/e1/log/job/20210101T0000Z/post/01/job.status
/home/users/lucy/cylc-run/e1/log/job/20210101T0000Z/post/01/job.out
FILENAME = /home/users/lucy/cylc-run/e1/log/job/20210101T0000Z/post/01/job.out
/home/users/lucy/cylc-run/e1/log/job/20210101T0000Z/post/01/job.err
FILENAME = /home/users/lucy/cylc-run/e1/log/job/20210101T0000Z/post/01/job.err
/home/users/lucy/cylc-run/e1/log/job/20210101T0000Z/post/01/job-activity.log
FILENAME = /home/users/lucy/cylc-run/e1/log/job/20210101T0000Z/post/01/job-activity.log
/home/users/lucy/cylc-run/e1/log/suiterc/20210108T180144Z-run.rc
FILENAME = /home/users/lucy/cylc-run/e1/log/suiterc/20210108T180144Z-run.rc
/home/users/lucy/cylc-run/e1/log/db
FILENAME = /home/users/lucy/cylc-run/e1/log/db
/home/users/lucy/cylc-run/e1/work/20210101T0000Z/model/a.txt
/home/users/lucy/cylc-run/e1/work/20210101T0000Z/model/b.txt
/home/users/lucy/cylc-run/e1/work/20210101T0000Z/model/ab-out.txt
/home/users/lucy/cylc-run/e1/suite.rc.processed
FILENAME = /home/users/lucy/cylc-run/e1/suite.rc.processed
/home/users/lucy/cylc-run/e1/post/add-file.sh
FILENAME = /home/users/lucy/cylc-run/e1/post/add-file.sh
/home/users/lucy/cylc-run/e1/post/calc-mean.sh
FILENAME = /home/users/lucy/cylc-run/e1/post/calc-mean.sh
/home/users/lucy/cylc-run/e1/post/create-io-cylc.sh
FILENAME = /home/users/lucy/cylc-run/e1/post/create-io-cylc.sh
/home/users/lucy/cylc-run/e1/post/list_files.sh
FILENAME = /home/users/lucy/cylc-run/e1/post/list_files.sh
/home/users/lucy/cylc-run/e1/post/files.txt
FILENAME = /home/users/lucy/cylc-run/e1/post/files.txt
4430
2021-01-08T18:01:57Z INFO - succeeded
