Suite    : t5
Task Job : 20210101T0000Z/post/01 (try 1)
User@Host: lucy@cylc1.jasmin.ac.uk

/home/users/lucy/cylc-run/t5/.service/passphrase
FILENAME = /home/users/lucy/cylc-run/t5/.service/passphrase
/home/users/lucy/cylc-run/t5/.service/ssl.pem
2021-01-08T17:43:50Z INFO - started
FILENAME = /home/users/lucy/cylc-run/t5/.service/ssl.pem
/home/users/lucy/cylc-run/t5/.service/ssl.cert
FILENAME = /home/users/lucy/cylc-run/t5/.service/ssl.cert
/home/users/lucy/cylc-run/t5/.service/contact
FILENAME = /home/users/lucy/cylc-run/t5/.service/contact
/home/users/lucy/cylc-run/t5/.service/db
FILENAME = /home/users/lucy/cylc-run/t5/.service/db
/home/users/lucy/cylc-run/t5/log/suite/log.20210108T174340Z
FILENAME = /home/users/lucy/cylc-run/t5/log/suite/log.20210108T174340Z
/home/users/lucy/cylc-run/t5/log/job/20210101T0000Z/prep/01/job
FILENAME = /home/users/lucy/cylc-run/t5/log/job/20210101T0000Z/prep/01/job
/home/users/lucy/cylc-run/t5/log/job/20210101T0000Z/prep/01/job.status
FILENAME = /home/users/lucy/cylc-run/t5/log/job/20210101T0000Z/prep/01/job.status
/home/users/lucy/cylc-run/t5/log/job/20210101T0000Z/prep/01/job.out
FILENAME = /home/users/lucy/cylc-run/t5/log/job/20210101T0000Z/prep/01/job.out
/home/users/lucy/cylc-run/t5/log/job/20210101T0000Z/prep/01/job.err
FILENAME = /home/users/lucy/cylc-run/t5/log/job/20210101T0000Z/prep/01/job.err
/home/users/lucy/cylc-run/t5/log/job/20210101T0000Z/prep/01/job-activity.log
FILENAME = /home/users/lucy/cylc-run/t5/log/job/20210101T0000Z/prep/01/job-activity.log
/home/users/lucy/cylc-run/t5/log/job/20210101T0000Z/model/01/job
FILENAME = /home/users/lucy/cylc-run/t5/log/job/20210101T0000Z/model/01/job
/home/users/lucy/cylc-run/t5/log/job/20210101T0000Z/model/01/job.status
FILENAME = /home/users/lucy/cylc-run/t5/log/job/20210101T0000Z/model/01/job.status
/home/users/lucy/cylc-run/t5/log/job/20210101T0000Z/model/01/job.out
FILENAME = /home/users/lucy/cylc-run/t5/log/job/20210101T0000Z/model/01/job.out
/home/users/lucy/cylc-run/t5/log/job/20210101T0000Z/model/01/job.err
FILENAME = /home/users/lucy/cylc-run/t5/log/job/20210101T0000Z/model/01/job.err
/home/users/lucy/cylc-run/t5/log/job/20210101T0000Z/model/01/job-activity.log
FILENAME = /home/users/lucy/cylc-run/t5/log/job/20210101T0000Z/model/01/job-activity.log
/home/users/lucy/cylc-run/t5/log/job/20210101T0000Z/post/01/job
FILENAME = /home/users/lucy/cylc-run/t5/log/job/20210101T0000Z/post/01/job
/home/users/lucy/cylc-run/t5/log/job/20210101T0000Z/post/01/job.status
FILENAME = /home/users/lucy/cylc-run/t5/log/job/20210101T0000Z/post/01/job.status
/home/users/lucy/cylc-run/t5/log/job/20210101T0000Z/post/01/job.out
FILENAME = /home/users/lucy/cylc-run/t5/log/job/20210101T0000Z/post/01/job.out
/home/users/lucy/cylc-run/t5/log/job/20210101T0000Z/post/01/job.err
FILENAME = /home/users/lucy/cylc-run/t5/log/job/20210101T0000Z/post/01/job.err
/home/users/lucy/cylc-run/t5/log/job/20210101T0000Z/post/01/job-activity.log
FILENAME = /home/users/lucy/cylc-run/t5/log/job/20210101T0000Z/post/01/job-activity.log
/home/users/lucy/cylc-run/t5/log/suiterc/20210108T174340Z-run.rc
FILENAME = /home/users/lucy/cylc-run/t5/log/suiterc/20210108T174340Z-run.rc
/home/users/lucy/cylc-run/t5/log/db
FILENAME = /home/users/lucy/cylc-run/t5/log/db
/home/users/lucy/cylc-run/t5/work/20210101T0000Z/model/a.txt
/home/users/lucy/cylc-run/t5/work/20210101T0000Z/model/b.txt
/home/users/lucy/cylc-run/t5/work/20210101T0000Z/model/ab-out.txt
/home/users/lucy/cylc-run/t5/suite.rc.processed
FILENAME = /home/users/lucy/cylc-run/t5/suite.rc.processed
/home/users/lucy/cylc-run/t5/post/add-file.sh
FILENAME = /home/users/lucy/cylc-run/t5/post/add-file.sh
/home/users/lucy/cylc-run/t5/post/create-io-cylc.sh
FILENAME = /home/users/lucy/cylc-run/t5/post/create-io-cylc.sh
/home/users/lucy/cylc-run/t5/post/list_files.sh
FILENAME = /home/users/lucy/cylc-run/t5/post/list_files.sh
/home/users/lucy/cylc-run/t5/post/files.txt
FILENAME = /home/users/lucy/cylc-run/t5/post/files.txt
